2025-07-08 00:03:02,742 - INFO - 键盘监控系统启动
2025-07-08 00:03:02,745 - INFO - 分析间隔: 120秒
2025-07-08 00:03:02,745 - INFO - 数据目录: keyboard_data
2025-07-08 00:03:02,745 - INFO - 键盘监听已启动... 按ESC键停止
2025-07-08 00:05:02,957 - INFO - 分析结果已保存到 keyboard_data\keyboard_performance.csv
2025-07-08 00:05:02,957 - INFO - 分析完成: 2025-07-08 00:04:10.218264 到 2025-07-08 00:05:02.897520
2025-07-08 00:05:02,957 - INFO - - 按键次数: 109, 时长: 52.68秒
2025-07-08 00:05:02,957 - INFO - - IKD中位数: 0.1105s, IKD95%: 0.1916s
2025-07-08 00:05:02,958 - INFO - - 空格率: 10.09%, 退格率: 10.09%
2025-07-08 00:07:03,079 - INFO - 分析结果已保存到 keyboard_data\keyboard_performance.csv
2025-07-08 00:07:03,079 - INFO - 分析完成: 2025-07-08 00:04:58.045724 到 2025-07-08 00:07:00.645775
2025-07-08 00:07:03,079 - INFO - - 按键次数: 195, 时长: 122.60秒
2025-07-08 00:07:03,079 - INFO - - IKD中位数: 0.1010s, IKD95%: 0.1850s
2025-07-08 00:07:03,079 - INFO - - 空格率: 8.21%, 退格率: 6.15%
2025-07-08 00:09:03,127 - INFO - 分析结果已保存到 keyboard_data\keyboard_performance.csv
2025-07-08 00:09:03,127 - INFO - 分析完成: 2025-07-08 00:06:59.370196 到 2025-07-08 00:08:59.397677
2025-07-08 00:09:03,127 - INFO - - 按键次数: 115, 时长: 120.03秒
2025-07-08 00:09:03,127 - INFO - - IKD中位数: 0.1210s, IKD95%: 0.2837s
2025-07-08 00:09:03,127 - INFO - - 空格率: 0.00%, 退格率: 2.61%
2025-07-08 00:11:03,249 - INFO - 分析结果已保存到 keyboard_data\keyboard_performance.csv
2025-07-08 00:11:03,250 - INFO - 分析完成: 2025-07-08 00:08:58.178191 到 2025-07-08 00:11:00.403940
2025-07-08 00:11:03,250 - INFO - - 按键次数: 180, 时长: 122.23秒
2025-07-08 00:11:03,250 - INFO - - IKD中位数: 0.1160s, IKD95%: 0.2226s
2025-07-08 00:11:03,250 - INFO - - 空格率: 7.78%, 退格率: 7.78%
2025-07-08 00:12:58,281 - INFO - 停止键盘监听...
2025-07-08 00:12:58,288 - INFO - 分析结果已保存到 keyboard_data\keyboard_performance.csv
2025-07-08 00:12:58,288 - INFO - 分析完成: 2025-07-08 00:10:58.722466 到 2025-07-08 00:12:58.281261
2025-07-08 00:12:58,288 - INFO - - 按键次数: 231, 时长: 119.56秒
2025-07-08 00:12:58,288 - INFO - - IKD中位数: 0.1090s, IKD95%: 0.2215s
2025-07-08 00:12:58,288 - INFO - - 空格率: 9.96%, 退格率: 2.60%
2025-07-08 00:12:58,973 - INFO - 键盘监控系统已停止
2025-07-08 00:41:35,999 - INFO - 编程行为监控系统启动
2025-07-08 00:41:36,002 - INFO - 启动键盘监控系统
2025-07-08 00:41:36,002 - INFO - 启动情绪监控系统
2025-07-08 00:41:36,004 - INFO - 键盘监控系统启动
2025-07-08 00:41:36,004 - INFO - 情绪监控器初始化完成，间隔: 120秒
2025-07-08 00:41:36,004 - INFO - 分析间隔: 120秒
2025-07-08 00:41:36,014 - INFO - 启动情绪监控器
2025-07-08 00:41:36,014 - INFO - 数据目录: keyboard_data
2025-07-08 00:41:36,014 - INFO - 键盘监听已启动... 按ESC键停止
2025-07-08 00:41:36,019 - INFO - 弹出情绪量表...
2025-07-08 00:41:40,566 - INFO - 记录情绪: 无聊 - 简单重复，缺乏挑战
2025-07-08 00:41:40,618 - INFO - 情绪选择已保存: 无聊
2025-07-08 00:43:36,219 - INFO - 分析结果已保存到 keyboard_data\keyboard_performance.csv
2025-07-08 00:43:36,219 - INFO - 分析完成: 2025-07-08 00:42:04.274423 到 2025-07-08 00:43:36.133600
2025-07-08 00:43:36,219 - INFO - - 按键次数: 237, 时长: 91.86秒
2025-07-08 00:43:36,219 - INFO - - IKD中位数: 0.1090s, IKD95%: 0.1828s
2025-07-08 00:43:36,219 - INFO - - 空格率: 11.81%, 退格率: 16.88%
2025-07-08 00:43:41,612 - INFO - 弹出情绪量表...
2025-07-08 00:43:45,394 - INFO - 记录情绪: 无聊 - 简单重复，缺乏挑战
2025-07-08 00:43:45,473 - INFO - 情绪选择已保存: 无聊
2025-07-08 00:45:37,153 - INFO - 分析结果已保存到 keyboard_data\keyboard_performance.csv
2025-07-08 00:45:37,154 - INFO - 分析完成: 2025-07-08 00:43:31.232345 到 2025-07-08 00:45:37.111443
2025-07-08 00:45:37,155 - INFO - - 按键次数: 424, 时长: 125.88秒
2025-07-08 00:45:37,155 - INFO - - IKD中位数: 0.1030s, IKD95%: 0.1680s
2025-07-08 00:45:37,155 - INFO - - 空格率: 12.74%, 退格率: 10.61%
2025-07-08 00:45:46,437 - INFO - 弹出情绪量表...
2025-07-08 00:45:53,046 - INFO - 记录情绪: 困惑 - 思路卡壳，不知方向
2025-07-08 00:45:53,101 - INFO - 情绪选择已保存: 困惑
2025-07-08 00:46:42,390 - INFO - 停止键盘监听...
2025-07-08 00:46:42,405 - INFO - 分析结果已保存到 keyboard_data\keyboard_performance.csv
2025-07-08 00:46:42,405 - INFO - 分析完成: 2025-07-08 00:45:32.152355 到 2025-07-08 00:46:42.390312
2025-07-08 00:46:42,405 - INFO - - 按键次数: 123, 时长: 70.24秒
2025-07-08 00:46:42,405 - INFO - - IKD中位数: 0.1100s, IKD95%: 0.1962s
2025-07-08 00:46:42,405 - INFO - - 空格率: 12.20%, 退格率: 7.32%
2025-07-08 00:46:42,661 - INFO - 键盘监控系统已停止
2025-07-08 00:47:54,093 - INFO - 弹出情绪量表...
2025-07-08 00:48:18,968 - INFO - 记录情绪: 无聊 - 简单重复，缺乏挑战
2025-07-08 00:48:19,043 - INFO - 情绪选择已保存: 无聊
2025-07-08 00:48:42,780 - INFO - 键盘监控系统启动
2025-07-08 00:48:42,780 - INFO - 分析间隔: 120秒
2025-07-08 00:48:42,780 - INFO - 数据目录: keyboard_data
2025-07-08 00:48:42,780 - INFO - 键盘监听已启动... 按ESC键停止
2025-07-08 00:48:45,156 - INFO - 停止键盘监听...
2025-07-08 00:48:45,163 - INFO - 分析结果已保存到 keyboard_data\keyboard_performance.csv
2025-07-08 00:48:45,163 - INFO - 分析完成: 2025-07-08 00:48:44.888147 到 2025-07-08 00:48:45.156081
2025-07-08 00:48:45,164 - INFO - - 按键次数: 1, 时长: 0.27秒
2025-07-08 00:48:45,164 - INFO - - IKD中位数: 0.2680s, IKD95%: 0.2680s
2025-07-08 00:48:45,164 - INFO - - 空格率: 0.00%, 退格率: 0.00%
2025-07-08 00:48:45,808 - INFO - 键盘监控系统已停止
2025-07-08 00:50:19,983 - INFO - 弹出情绪量表...
2025-07-08 00:50:47,613 - INFO - 记录情绪: 无聊 - 简单重复，缺乏挑战
2025-07-08 00:50:47,670 - INFO - 情绪选择已保存: 无聊
2025-07-08 00:52:48,668 - INFO - 弹出情绪量表...
2025-07-08 00:54:53,083 - INFO - 弹出情绪量表...
2025-07-08 00:56:57,218 - INFO - 记录情绪: 无聊 - 简单重复，缺乏挑战
2025-07-08 00:56:57,267 - INFO - 情绪选择已保存: 无聊
2025-07-08 00:58:58,224 - INFO - 弹出情绪量表...
2025-07-08 00:59:18,279 - INFO - 记录情绪: 无聊 - 简单重复，缺乏挑战
2025-07-08 00:59:18,343 - INFO - 情绪选择已保存: 无聊
2025-07-08 01:01:19,307 - INFO - 弹出情绪量表...
2025-07-08 01:01:25,039 - INFO - 记录情绪: 无聊 - 简单重复，缺乏挑战
2025-07-08 01:01:25,074 - INFO - 情绪选择已保存: 无聊
2025-07-08 01:03:08,788 - INFO - 编程行为监控系统启动
2025-07-08 01:03:08,788 - INFO - 情绪监控器初始化完成，间隔: 120秒
2025-07-08 01:03:08,791 - INFO - 键盘监控系统启动
2025-07-08 01:03:08,791 - INFO - 分析间隔: 120秒
2025-07-08 01:03:08,791 - INFO - 数据目录: keyboard_data
2025-07-08 01:03:08,792 - INFO - 键盘监听已启动... 按ESC键停止
2025-07-08 01:03:08,792 - INFO - 启动情绪监控器
2025-07-08 01:03:08,792 - INFO - 监控系统已启动，按ESC键停止...
2025-07-08 01:03:08,793 - INFO - 弹出情绪量表...
2025-07-08 01:03:13,207 - INFO - 记录情绪: 专注 - 流畅编码，完全投入
2025-07-08 01:03:13,269 - INFO - 情绪选择已保存: 专注
2025-07-08 01:05:09,786 - INFO - 分析结果已保存到 keyboard_data\keyboard_performance.csv
2025-07-08 01:05:09,786 - INFO - 分析完成: 2025-07-08 01:03:52.266085 到 2025-07-08 01:04:53.414138
2025-07-08 01:05:09,786 - INFO - - 按键次数: 131, 时长: 61.15秒
2025-07-08 01:05:09,786 - INFO - - IKD中位数: 0.1060s, IKD95%: 0.2100s
2025-07-08 01:05:09,786 - INFO - - 空格率: 12.21%, 退格率: 9.92%
2025-07-08 01:05:14,326 - INFO - 弹出情绪量表...
2025-07-08 01:05:16,846 - INFO - 记录情绪: 无聊 - 简单重复，缺乏挑战
2025-07-08 01:05:16,995 - INFO - 情绪选择已保存: 无聊
2025-07-08 01:07:10,675 - INFO - 分析结果已保存到 keyboard_data\keyboard_performance.csv
2025-07-08 01:07:10,675 - INFO - 分析完成: 2025-07-08 01:05:20.179367 到 2025-07-08 01:07:01.506730
2025-07-08 01:07:10,675 - INFO - - 按键次数: 186, 时长: 101.33秒
2025-07-08 01:07:10,675 - INFO - - IKD中位数: 0.1280s, IKD95%: 0.1958s
2025-07-08 01:07:10,675 - INFO - - 空格率: 11.29%, 退格率: 2.15%
2025-07-08 01:07:17,906 - INFO - 弹出情绪量表...
2025-07-08 01:07:28,087 - INFO - 记录情绪: 沮丧 - 反复报错，难以解决
2025-07-08 01:07:28,159 - INFO - 情绪选择已保存: 沮丧
2025-07-08 01:09:11,659 - INFO - 分析结果已保存到 keyboard_data\keyboard_performance.csv
2025-07-08 01:09:11,659 - INFO - 分析完成: 2025-07-08 01:07:11.812096 到 2025-07-08 01:09:06.307295
2025-07-08 01:09:11,659 - INFO - - 按键次数: 173, 时长: 114.50秒
2025-07-08 01:09:11,659 - INFO - - IKD中位数: 0.1210s, IKD95%: 0.2020s
2025-07-08 01:09:11,659 - INFO - - 空格率: 10.40%, 退格率: 10.98%
2025-07-08 01:09:29,206 - INFO - 弹出情绪量表...
2025-07-08 01:09:31,313 - INFO - 记录情绪: 沮丧 - 反复报错，难以解决
2025-07-08 01:09:31,425 - INFO - 情绪选择已保存: 沮丧
2025-07-08 01:09:33,788 - INFO - 检测到ESC键，停止整个系统...
2025-07-08 01:09:33,788 - INFO - 停止键盘监听...
2025-07-08 01:09:33,789 - INFO - 没有可分析的数据或系统已停止
2025-07-08 01:09:33,917 - INFO - 键盘监控系统已停止
2025-07-08 01:09:34,753 - INFO - 停止情绪监控器
2025-07-08 01:09:35,844 - INFO - 编程行为监控系统已停止
2025-07-08 01:17:02,364 - INFO - 编程行为监控系统启动
2025-07-08 01:17:02,364 - INFO - 情绪监控器初始化完成，间隔: 120秒
2025-07-08 01:17:02,375 - INFO - 键盘监控系统启动
2025-07-08 01:17:02,375 - INFO - 分析间隔: 120秒
2025-07-08 01:17:02,375 - INFO - 启动情绪监控器
2025-07-08 01:17:02,375 - INFO - 鼠标监控系统启动
2025-07-08 01:17:02,375 - INFO - 监控系统已启动，按ESC键停止...
2025-07-08 01:17:02,375 - INFO - 数据目录: keyboard_data
2025-07-08 01:17:02,375 - INFO - 弹出情绪量表...
2025-07-08 01:17:02,375 - INFO - 分析间隔: 120秒
2025-07-08 01:17:02,375 - INFO - 键盘监听已启动... 按ESC键停止
2025-07-08 01:17:02,422 - INFO - 数据目录: mouse_data
2025-07-08 01:17:02,422 - INFO - 鼠标监听已启动...
2025-07-08 01:17:05,663 - INFO - 记录情绪: 沮丧 - 反复报错，难以解决
2025-07-08 01:17:05,731 - INFO - 情绪选择已保存: 沮丧
2025-07-08 01:17:13,339 - INFO - 检测到ESC键，停止整个系统...
2025-07-08 01:17:13,339 - INFO - 停止键盘监听...
2025-07-08 01:17:13,339 - INFO - 没有可分析的数据或系统已停止
2025-07-08 01:17:13,473 - INFO - 停止情绪监控器
2025-07-08 01:17:13,521 - INFO - 鼠标监控系统已停止
2025-07-08 01:17:13,521 - INFO - 键盘监控系统已停止
2025-07-08 01:17:14,577 - INFO - 停止鼠标监听...
2025-07-08 01:17:14,577 - INFO - 没有可分析的数据或系统已停止
2025-07-08 01:17:14,577 - INFO - 编程行为监控系统已停止
2025-07-08 01:22:35,046 - INFO - 编程行为监控系统启动
2025-07-08 01:22:35,046 - INFO - 情绪监控器初始化完成，间隔: 120秒
2025-07-08 01:22:35,048 - INFO - 键盘监控系统启动
2025-07-08 01:22:35,048 - INFO - 分析间隔: 120秒
2025-07-08 01:22:35,048 - INFO - 数据目录: keyboard_data
2025-07-08 01:22:35,048 - INFO - 键盘监听已启动... 按ESC键停止
2025-07-08 01:22:35,049 - INFO - 启动情绪监控器
2025-07-08 01:22:35,050 - INFO - 弹出情绪量表...
2025-07-08 01:22:35,112 - INFO - 鼠标监控系统启动
2025-07-08 01:22:35,112 - INFO - 监控系统已启动，按ESC键停止...
2025-07-08 01:22:35,112 - INFO - 分析间隔: 120秒
2025-07-08 01:22:35,113 - INFO - 数据目录: mouse_data
2025-07-08 01:22:35,113 - INFO - 鼠标监听已启动...
2025-07-08 01:22:37,510 - INFO - 记录情绪: 沮丧 - 反复报错，难以解决
2025-07-08 01:22:37,564 - INFO - 情绪选择已保存: 沮丧
2025-07-08 01:24:35,240 - INFO - 分析结果已保存到 mouse_data\mouse_performance.csv
2025-07-08 01:24:35,240 - INFO - 分析完成: 2025-07-08 01:22:35.917835 到 2025-07-08 01:23:46.195403
2025-07-08 01:24:35,240 - INFO - - 移动熵: 2.8068, 有效路径比: 0.0474
2025-07-08 01:24:35,240 - INFO - - 平均速度: 354.36 像素/秒, 加速度方差: 364632460992.7451
2025-07-08 01:24:35,240 - INFO - - 总移动距离: 24720.09 像素, 点击次数: 8, 滚动次数: 348
2025-07-08 01:24:35,303 - INFO - 分析结果已保存到 keyboard_data\keyboard_performance.csv
2025-07-08 01:24:35,303 - INFO - 分析完成: 2025-07-08 01:23:48.010279 到 2025-07-08 01:24:35.129172
2025-07-08 01:24:35,303 - INFO - - 按键次数: 174, 时长: 47.12秒
2025-07-08 01:24:35,303 - INFO - - IKD中位数: 0.1300s, IKD95%: 0.1956s
2025-07-08 01:24:35,303 - INFO - - 空格率: 14.94%, 退格率: 9.77%
2025-07-08 01:24:38,659 - INFO - 弹出情绪量表...
2025-07-08 01:24:41,299 - INFO - 记录情绪: 沮丧 - 反复报错，难以解决
2025-07-08 01:24:41,335 - INFO - 情绪选择已保存: 沮丧
2025-07-08 01:25:08,899 - INFO - 检测到ESC键，停止整个系统...
2025-07-08 01:25:08,899 - INFO - 停止键盘监听...
2025-07-08 01:25:08,900 - INFO - 没有可分析的数据或系统已停止
2025-07-08 01:25:09,495 - INFO - 停止情绪监控器
2025-07-08 01:25:09,667 - INFO - 鼠标监控系统已停止
2025-07-08 01:25:09,667 - INFO - 键盘监控系统已停止
2025-07-08 01:25:10,587 - INFO - 停止鼠标监听...
2025-07-08 01:25:10,587 - INFO - 没有可分析的数据或系统已停止
2025-07-08 01:25:10,588 - INFO - 编程行为监控系统已停止
2025-07-08 14:34:48,628 - INFO - 编程行为监控系统启动
2025-07-08 14:34:48,629 - INFO - 情绪监控器初始化完成，间隔: 120秒
2025-07-08 14:34:48,631 - INFO - 键盘监控系统启动
2025-07-08 14:34:48,631 - INFO - 分析间隔: 120秒
2025-07-08 14:34:48,631 - INFO - 启动情绪监控器
2025-07-08 14:34:48,632 - INFO - 数据目录: keyboard_data
2025-07-08 14:34:48,632 - INFO - 鼠标监控系统启动
2025-07-08 14:34:48,632 - INFO - 监控系统已启动，按ESC键停止...
2025-07-08 14:34:48,632 - INFO - 键盘监听已启动... 按ESC键停止
2025-07-08 14:34:48,632 - INFO - 弹出情绪量表...
2025-07-08 14:34:48,632 - INFO - 分析间隔: 120秒
2025-07-08 14:34:48,716 - INFO - 数据目录: mouse_data
2025-07-08 14:34:48,716 - INFO - 鼠标监听已启动...
2025-07-08 14:34:54,861 - INFO - 记录情绪: 无聊 - 简单重复，缺乏挑战
2025-07-08 14:34:54,891 - INFO - 情绪选择已保存: 无聊
2025-07-08 14:36:48,669 - INFO - 分析结果已保存到 keyboard_data\keyboard_performance.csv
2025-07-08 14:36:48,669 - INFO - 分析完成: 2025-07-08 14:35:53.859260 到 2025-07-08 14:35:56.670176
2025-07-08 14:36:48,669 - INFO - - 按键次数: 7, 时长: 2.81秒
2025-07-08 14:36:48,669 - INFO - - IKD中位数: 0.1000s, IKD95%: 0.1452s
2025-07-08 14:36:48,669 - INFO - - 空格率: 14.29%, 退格率: 0.00%
2025-07-08 14:36:49,710 - INFO - 分析结果已保存到 mouse_data\mouse_performance.csv
2025-07-08 14:36:49,710 - INFO - 分析完成: 2025-07-08 14:34:48.734951 到 2025-07-08 14:36:48.784941
2025-07-08 14:36:49,710 - INFO - - 移动熵: 2.8662, 有效路径比: 0.0080
2025-07-08 14:36:49,711 - INFO - - 平均速度: 480.97 像素/秒, 加速度方差: 18561189835.0090
2025-07-08 14:36:49,711 - INFO - - 总移动距离: 57740.80 像素, 点击次数: 7, 滚动次数: 76
2025-07-08 14:36:55,841 - INFO - 弹出情绪量表...
2025-07-08 14:37:15,408 - INFO - 记录情绪: 无聊 - 简单重复，缺乏挑战
2025-07-08 14:37:15,446 - INFO - 情绪选择已保存: 无聊
2025-07-08 14:37:21,752 - INFO - 检测到ESC键，停止整个系统...
2025-07-08 14:37:21,752 - INFO - 停止键盘监听...
2025-07-08 14:37:21,753 - INFO - 没有可分析的数据或系统已停止
2025-07-08 14:37:21,858 - INFO - 停止情绪监控器
2025-07-08 14:37:21,949 - INFO - 键盘监控系统已停止
2025-07-08 14:37:21,949 - INFO - 鼠标监控系统已停止
2025-07-08 14:37:22,943 - INFO - 停止鼠标监听...
2025-07-08 14:37:22,943 - INFO - 没有可分析的数据或系统已停止
2025-07-08 14:37:22,944 - INFO - 编程行为监控系统已停止
2025-07-09 10:49:43,929 - INFO - 编程行为监控系统启动
2025-07-09 10:49:43,930 - INFO - 情绪监控器初始化完成，间隔: 120秒
2025-07-09 10:49:43,931 - INFO - 键盘监控系统启动
2025-07-09 10:49:43,931 - INFO - 分析间隔: 120秒
2025-07-09 10:49:43,931 - INFO - 启动情绪监控器
2025-07-09 10:49:43,932 - INFO - 数据目录: keyboard_data
2025-07-09 10:49:43,932 - INFO - 鼠标监控系统启动
2025-07-09 10:49:43,932 - INFO - 监控系统已启动，按ESC键停止...
2025-07-09 10:49:43,932 - INFO - 键盘监听已启动... 按ESC键停止
2025-07-09 10:49:43,932 - INFO - 弹出情绪量表...
2025-07-09 10:49:43,932 - INFO - 分析间隔: 120秒
2025-07-09 10:49:44,018 - INFO - 数据目录: mouse_data
2025-07-09 10:49:44,018 - INFO - 鼠标监听已启动...
2025-07-09 10:49:48,459 - INFO - 记录情绪: 沮丧 - 反复报错，难以解决
2025-07-09 10:49:48,486 - INFO - 情绪选择已保存: 沮丧
2025-07-09 10:49:59,076 - INFO - 检测到ESC键，停止整个系统...
2025-07-09 10:49:59,076 - INFO - 停止键盘监听...
2025-07-09 10:49:59,077 - INFO - 没有可分析的数据或系统已停止
2025-07-09 10:49:59,167 - INFO - 键盘监控系统已停止
2025-07-09 10:49:59,167 - INFO - 鼠标监控系统已停止
2025-07-09 10:50:00,045 - INFO - 停止情绪监控器
2025-07-09 10:50:01,130 - INFO - 停止鼠标监听...
2025-07-09 10:50:01,130 - INFO - 没有可分析的数据或系统已停止
2025-07-09 10:50:01,130 - INFO - 编程行为监控系统已停止
2025-07-09 10:59:43,199 - INFO - 编程行为监控系统启动
2025-07-09 10:59:43,199 - INFO - 情绪监控器初始化完成，间隔: 120秒
2025-07-09 10:59:43,200 - INFO - 键盘监控系统启动
2025-07-09 10:59:43,200 - INFO - 分析间隔: 120秒
2025-07-09 10:59:43,200 - INFO - 数据目录: keyboard_data
2025-07-09 10:59:43,200 - INFO - 键盘监听已启动... 按ESC键停止
2025-07-09 10:59:43,200 - INFO - 启动情绪监控器
2025-07-09 10:59:43,201 - INFO - 鼠标监控系统启动
2025-07-09 10:59:43,201 - INFO - 监控系统已启动，按ESC键停止...
2025-07-09 10:59:43,201 - INFO - 弹出情绪量表...
2025-07-09 10:59:43,201 - INFO - 分析间隔: 120秒
2025-07-09 10:59:43,246 - INFO - 数据目录: mouse_data
2025-07-09 10:59:43,246 - INFO - 鼠标监听已启动...
2025-07-09 11:01:23,342 - INFO - 系统被用户中断
2025-07-09 11:01:23,342 - INFO - 编程行为监控系统已停止
2025-07-09 11:01:24,129 - INFO - 编程行为监控系统启动
2025-07-09 11:01:24,129 - INFO - 情绪监控器初始化完成，间隔: 120秒
2025-07-09 11:01:24,130 - INFO - 键盘监控系统启动
2025-07-09 11:01:24,130 - INFO - 启动情绪监控器
2025-07-09 11:01:24,130 - INFO - 分析间隔: 120秒
2025-07-09 11:01:24,130 - INFO - 鼠标监控系统启动
2025-07-09 11:01:24,130 - INFO - 数据目录: keyboard_data
2025-07-09 11:01:24,130 - INFO - 弹出情绪量表...
2025-07-09 11:01:24,130 - INFO - 监控系统已启动，按ESC键停止...
2025-07-09 11:01:24,130 - INFO - 分析间隔: 120秒
2025-07-09 11:01:24,130 - INFO - 键盘监听已启动... 按ESC键停止
2025-07-09 11:01:24,159 - INFO - 数据目录: mouse_data
2025-07-09 11:01:24,159 - INFO - 鼠标监听已启动...
2025-07-09 11:01:29,558 - INFO - 记录情绪: 沮丧 - C.沮丧（反复报错，难以解决）
2025-07-09 11:01:29,584 - INFO - 情绪选择已保存: 沮丧
2025-07-09 11:01:35,122 - INFO - 检测到ESC键，停止整个系统...
2025-07-09 11:01:35,122 - INFO - 停止键盘监听...
2025-07-09 11:01:35,122 - INFO - 没有可分析的数据或系统已停止
2025-07-09 11:01:35,267 - INFO - 停止情绪监控器
2025-07-09 11:01:35,267 - INFO - 鼠标监控系统已停止
2025-07-09 11:01:35,267 - INFO - 键盘监控系统已停止
2025-07-09 11:01:36,349 - INFO - 停止鼠标监听...
2025-07-09 11:01:36,349 - INFO - 没有可分析的数据或系统已停止
2025-07-09 11:01:36,349 - INFO - 编程行为监控系统已停止
2025-07-09 11:02:07,216 - INFO - 编程行为监控系统启动
2025-07-09 11:02:07,217 - INFO - 情绪监控器初始化完成，间隔: 120秒
2025-07-09 11:02:07,217 - INFO - 键盘监控系统启动
2025-07-09 11:02:07,217 - INFO - 启动情绪监控器
2025-07-09 11:02:07,217 - INFO - 分析间隔: 120秒
2025-07-09 11:02:07,218 - INFO - 鼠标监控系统启动
2025-07-09 11:02:07,218 - INFO - 数据目录: keyboard_data
2025-07-09 11:02:07,218 - INFO - 弹出情绪量表...
2025-07-09 11:02:07,218 - INFO - 监控系统已启动，按ESC键停止...
2025-07-09 11:02:07,218 - INFO - 分析间隔: 120秒
2025-07-09 11:02:07,218 - INFO - 键盘监听已启动... 按ESC键停止
2025-07-09 11:02:07,249 - INFO - 数据目录: mouse_data
2025-07-09 11:02:07,249 - INFO - 鼠标监听已启动...
2025-07-09 11:02:17,632 - INFO - 检测到ESC键，停止整个系统...
2025-07-09 11:02:17,632 - INFO - 停止键盘监听...
2025-07-09 11:02:17,633 - INFO - 没有可分析的数据或系统已停止
2025-07-09 11:02:18,353 - INFO - 鼠标监控系统已停止
2025-07-09 11:02:18,353 - INFO - 停止情绪监控器
2025-07-09 11:02:18,368 - INFO - 键盘监控系统已停止
2025-07-09 11:02:19,440 - INFO - 停止鼠标监听...
2025-07-09 11:02:19,440 - INFO - 没有可分析的数据或系统已停止
2025-07-09 11:02:19,440 - INFO - 编程行为监控系统已停止
2025-07-09 15:45:44,945 - INFO - 编程行为监控系统启动
2025-07-09 15:45:44,946 - INFO - 情绪监控器初始化完成，间隔: 120秒
2025-07-09 15:45:44,947 - INFO - 键盘监控系统启动
2025-07-09 15:45:44,947 - INFO - 分析间隔: 120秒
2025-07-09 15:45:44,947 - INFO - 启动情绪监控器
2025-07-09 15:45:44,947 - INFO - 数据目录: ../../data/raw/keyboard_data
2025-07-09 15:45:44,947 - INFO - 弹出情绪量表...
2025-07-09 15:45:44,947 - INFO - 鼠标监控系统启动
2025-07-09 15:45:44,948 - INFO - 键盘监听已启动... 按ESC键停止
2025-07-09 15:45:44,948 - INFO - 监控系统已启动，按ESC键停止...
2025-07-09 15:45:44,991 - INFO - 分析间隔: 120秒
2025-07-09 15:45:44,992 - INFO - 数据目录: ../../data/raw/mouse_data
2025-07-09 15:45:44,992 - INFO - 鼠标监听已启动...
2025-07-09 15:45:46,536 - INFO - 记录情绪: 沮丧 - C.沮丧（反复报错，难以解决）
2025-07-09 15:45:46,559 - INFO - 情绪选择已保存: 沮丧
2025-07-09 15:47:45,977 - INFO - 分析结果已保存到 ../../data/raw/mouse_data\mouse_performance.csv
2025-07-09 15:47:45,977 - INFO - 分析结果已保存到 ../../data/raw/keyboard_data\keyboard_performance.csv
2025-07-09 15:47:45,977 - INFO - 分析完成: 2025-07-09 15:45:44.996808 到 2025-07-09 15:47:44.868895
2025-07-09 15:47:45,977 - INFO - 分析完成: 2025-07-09 15:46:07.677887 到 2025-07-09 15:47:36.971273
2025-07-09 15:47:45,977 - INFO - - 移动熵: 2.9231, 有效路径比: 0.0180
2025-07-09 15:47:45,977 - INFO - - 按键次数: 280, 时长: 89.29秒
2025-07-09 15:47:45,977 - INFO - - 平均速度: 198.74 像素/秒, 加速度方差: 22194594031.6196
2025-07-09 15:47:45,977 - INFO - - IKD中位数: 0.1040s, IKD95%: 0.1816s
2025-07-09 15:47:45,977 - INFO - - 总移动距离: 23823.10 像素, 点击次数: 9, 滚动次数: 55
2025-07-09 15:47:45,977 - INFO - - 空格率: 11.07%, 退格率: 5.71%
2025-07-09 15:47:47,528 - INFO - 弹出情绪量表...
2025-07-09 15:47:54,869 - INFO - 记录情绪: 困惑 - D.困惑（思路卡壳，不知方向）
2025-07-09 15:47:54,895 - INFO - 情绪选择已保存: 困惑
2025-07-09 15:49:46,841 - INFO - 没有可分析的数据或系统已停止
2025-07-09 15:49:46,847 - INFO - 分析结果已保存到 ../../data/raw/mouse_data\mouse_performance.csv
2025-07-09 15:49:46,847 - INFO - 分析完成: 2025-07-09 15:47:41.058927 到 2025-07-09 15:49:19.893459
2025-07-09 15:49:46,847 - INFO - - 移动熵: 2.7025, 有效路径比: 0.0544
2025-07-09 15:49:46,847 - INFO - - 平均速度: 155.08 像素/秒, 加速度方差: 4992506217.3390
2025-07-09 15:49:46,847 - INFO - - 总移动距离: 15327.63 像素, 点击次数: 9, 滚动次数: 61
2025-07-09 15:49:55,771 - INFO - 弹出情绪量表...
2025-07-09 15:49:58,378 - INFO - 记录情绪: 无聊 - B.无聊（简单重复，缺乏挑战）
2025-07-09 15:49:58,398 - INFO - 情绪选择已保存: 无聊
2025-07-09 15:50:08,563 - INFO - 检测到ESC键，停止整个系统...
2025-07-09 15:50:08,563 - INFO - 停止键盘监听...
2025-07-09 15:50:08,563 - INFO - 没有可分析的数据或系统已停止
2025-07-09 15:50:08,998 - INFO - 停止情绪监控器
2025-07-09 15:50:09,028 - INFO - 鼠标监控系统已停止
2025-07-09 15:50:09,044 - INFO - 键盘监控系统已停止
2025-07-09 15:50:10,087 - INFO - 停止鼠标监听...
2025-07-09 15:50:10,087 - INFO - 没有可分析的数据或系统已停止
2025-07-09 15:50:10,087 - INFO - 编程行为监控系统已停止
